<?xml version="1.0" encoding="UTF-8"?>
<testng-results ignored="0" total="1" passed="1" failed="0" skipped="0">
  <reporter-output>
  </reporter-output>
  <suite started-at="2019-07-18T21:41:32Z" name="Default suite" finished-at="2019-07-18T21:41:34Z" duration-ms="2064">
    <groups>
    </groups>
    <test started-at="2019-07-18T21:41:32Z" name="Default test" finished-at="2019-07-18T21:41:34Z" duration-ms="2064">
      <class name="TC001_GET_Request">
        <test-method signature="getUserDetails()[pri:0, instance:TC001_GET_Request@5ad851c9]" started-at="2019-07-18T21:41:32Z" name="getUserDetails" finished-at="2019-07-18T21:41:34Z" duration-ms="2038" status="PASS">
          <reporter-output>
          </reporter-output>
        </test-method> <!-- getUserDetails -->
      </class> <!-- TC001_GET_Request -->
    </test> <!-- Default test -->
  </suite> <!-- Default suite -->
</testng-results>
